This is pdfTeX, Version 3.141592653-2.6-1.40.24 (TeX Live 2022/Debian) (preloaded format=pdflatex 2025.1.6)  26 JAN 2025 06:29
entering extended mode
 restricted \write18 enabled.
 file:line:error style messages enabled.
 %&-line parsing enabled.
**vrny_es.tex
(./vrny_es.tex
LaTeX2e <2022-11-01> patch level 1
L3 programming layer <2023-01-16>
(/usr/share/texlive/texmf-dist/tex/latex/base/article.cls
Document Class: article 2022/07/02 v1.4n Standard LaTeX document class
(/usr/share/texlive/texmf-dist/tex/latex/base/size10.clo
File: size10.clo 2022/07/02 v1.4n Standard LaTeX file (size option)
)
\c@part=\count185
\c@section=\count186
\c@subsection=\count187
\c@subsubsection=\count188
\c@paragraph=\count189
\c@subparagraph=\count190
\c@figure=\count191
\c@table=\count192
\abovecaptionskip=\skip48
\belowcaptionskip=\skip49
\bibindent=\dimen140
)
(/usr/share/texlive/texmf-dist/tex/latex/paracol/paracol.sty
Package: paracol 2018/12/31 v1.35 
\pcol@currcol=\count193
\pcol@nextcol=\count194
\pcol@ncol=\count195
\pcol@ncolleft=\count196
\pcol@page=\count197
\pcol@basepage=\count198
\pcol@toppage=\count199
\pcol@footnotebase=\count266
\pcol@nfootnotes=\count267
\pcol@mcid=\count268
\pcol@prevdepth=\dimen141
\pcol@colht=\dimen142
\pcol@textfloatsep=\dimen143
\pcol@lrmargin=\dimen144
\pagerim=\dimen145
\pcol@topskip=\skip50
\belowfootnoteskip=\skip51
\pcol@topfnotes=\box51
\pcol@prespan=\box52
\pcol@rightpage=\box53
\pcol@colorstack@saved=\box54
\pcol@tempboxa=\box55
\pcol@tempboxb=\box56
\pcol@colorins=\insert252
\pcol@everyvbox=\toks16
)
(/usr/share/texlive/texmf-dist/tex/latex/l3backend/l3backend-pdftex.def
File: l3backend-pdftex.def 2023-01-16 L3 backend support: PDF output (pdfTeX)
\l__color_backend_stack_int=\count269
\l__pdf_internal_box=\box57
)
(./vrny_es.aux)
\openout1 = `vrny_es.aux'.

LaTeX Font Info:    Checking defaults for OML/cmm/m/it on input line 4.
LaTeX Font Info:    ... okay on input line 4.
LaTeX Font Info:    Checking defaults for OMS/cmsy/m/n on input line 4.
LaTeX Font Info:    ... okay on input line 4.
LaTeX Font Info:    Checking defaults for OT1/cmr/m/n on input line 4.
LaTeX Font Info:    ... okay on input line 4.
LaTeX Font Info:    Checking defaults for T1/cmr/m/n on input line 4.
LaTeX Font Info:    ... okay on input line 4.
LaTeX Font Info:    Checking defaults for TS1/cmr/m/n on input line 4.
LaTeX Font Info:    ... okay on input line 4.
LaTeX Font Info:    Checking defaults for OMX/cmex/m/n on input line 4.
LaTeX Font Info:    ... okay on input line 4.
LaTeX Font Info:    Checking defaults for U/cmr/m/n on input line 4.
LaTeX Font Info:    ... okay on input line 4.
LaTeX Font Info:    External font `cmex10' loaded for size
(Font)              <7> on input line 20.
LaTeX Font Info:    External font `cmex10' loaded for size
(Font)              <5> on input line 20.
LaTeX Font Info:    External font `cmex10' loaded for size
(Font)              <8> on input line 20.
LaTeX Font Info:    External font `cmex10' loaded for size
(Font)              <6> on input line 20.

Overfull \hbox (18.8058pt too wide) in paragraph at lines 20--21
\OT1/cmr/m/n/10 La cabeza de los peri-pat^^Seticos es Arist^^Soteles
 []


Overfull \hbox (0.86145pt too wide) in paragraph at lines 20--21
\OT1/cmr/m/n/10 el Es-ta-girita, disc^^S^^Ppulo de Plat^^Son, quien
 []


Overfull \hbox (1.56042pt too wide) in paragraph at lines 20--21
\OT1/cmr/m/n/10 se lo con-sidere mere-ce-dor[]. Clara-mente
 []


Overfull \hbox (0.16705pt too wide) in paragraph at lines 46--47
\OT1/cmr/m/n/10 diuit, a quo Pyrrho-nio-rum dog-mata ac-
 []


Overfull \hbox (2.72255pt too wide) in paragraph at lines 46--47
\OT1/cmr/m/n/10 ici, Epi-cure-o-rum ob-trec-ta-tores, dix-erint
 []


Overfull \hbox (6.05585pt too wide) in paragraph at lines 46--47
\OT1/cmr/m/n/10 de Epi-curo, id cer-tum no-bis est, ueterum
 []


Overfull \hbox (6.27803pt too wide) in paragraph at lines 50--51
\OT1/cmr/m/n/10 de Ate-nas, quien es-cuch^^So a los plat^^Sonicos
 []


Overfull \hbox (17.91702pt too wide) in paragraph at lines 50--51
\OT1/cmr/m/n/10 pat^^Setico Te-ofrasto, y a Naus^^S^^Pfanes, disc^^S^^Ppuo
 []


Overfull \hbox (4.58365pt too wide) in paragraph at lines 55--56
[]\OT1/cmr/m/n/10 Sane Epi-cu-rus gar-ruli-tatis sto-ico-rum
 []


Overfull \hbox (1.61139pt too wide) in paragraph at lines 55--56
\OT1/cmr/m/n/10 sulta-bant, perinde quasi praeter ceteros
 []


Overfull \hbox (10.33365pt too wide) in paragraph at lines 55--56
\OT1/cmr/m/n/10 et eru-di-tione et in-genii acumine pollerent;
 []


Overfull \hbox (14.72256pt too wide) in paragraph at lines 55--56
\OT1/cmr/m/n/10 sibi per-su-a-sit ni-hil al-iud re-quiri, ut tirones,
 []


Overfull \hbox (8.0836pt too wide) in paragraph at lines 55--56
\OT1/cmr/m/n/10 si il-los recte perciper-ent, sto-ico-rum uafris
 []


Overfull \hbox (6.1856pt too wide) in paragraph at lines 55--56
\OT1/cmr/m/n/10 iac-tan-tiam labefactar-ent. Et quamquam
 []


Overfull \hbox (12.11147pt too wide) in paragraph at lines 55--56
\OT1/cmr/m/n/10 est, fa-ten-dum est tamen suum illi studium
 []

[1

{/var/lib/texmf/fonts/map/pdftex/updmap/pdftex.map}] [2] (./vrny_es.aux) ) 
Here is how much of TeX's memory you used:
 1109 strings out of 477916
 19336 string characters out of 5837424
 1859330 words of memory out of 5000000
 21323 multiletter control sequences out of 15000+600000
 514715 words of font info for 40 fonts, out of 8000000 for 9000
 85 hyphenation exceptions out of 8191
 34i,9n,38p,692b,350s stack positions out of 10000i,1000n,20000p,200000b,200000s
</usr
/share/texlive/texmf-dist/fonts/type1/public/amsfonts/cm/cmbx12.pfb></usr/share
/texlive/texmf-dist/fonts/type1/public/amsfonts/cm/cmr10.pfb></usr/share/texliv
e/texmf-dist/fonts/type1/public/amsfonts/cm/cmr6.pfb></usr/share/texlive/texmf-
dist/fonts/type1/public/amsfonts/cm/cmr7.pfb></usr/share/texlive/texmf-dist/fon
ts/type1/public/amsfonts/cm/cmr8.pfb>
Output written on vrny_es.pdf (2 pages, 60857 bytes).
PDF statistics:
 36 PDF objects out of 1000 (max. 8388607)
 21 compressed objects within 1 object stream
 0 named destinations out of 1000 (max. 500000)
 1 words of extra memory for PDF output out of 10000 (max. 10000000)

